0 info it worked if it ends with ok
1 verbose cli [ '/Users/nguyene/.nvm/versions/node/v6.10.0/bin/node',
1 verbose cli   '/Users/nguyene/.nvm/versions/node/v6.10.0/bin/npm',
1 verbose cli   'run',
1 verbose cli   'selenium-hub' ]
2 info using npm@3.10.10
3 info using node@v6.10.0
4 verbose run-script [ 'preselenium-hub', 'selenium-hub', 'postselenium-hub' ]
5 info lifecycle e2e@1.0.0~preselenium-hub: e2e@1.0.0
6 silly lifecycle e2e@1.0.0~preselenium-hub: no script for preselenium-hub, continuing
7 info lifecycle e2e@1.0.0~selenium-hub: e2e@1.0.0
8 verbose lifecycle e2e@1.0.0~selenium-hub: unsafe-perm in lifecycle true
9 verbose lifecycle e2e@1.0.0~selenium-hub: PATH: /Users/nguyene/.nvm/versions/node/v6.10.0/lib/node_modules/npm/bin/node-gyp-bin:/Users/nguyene/Study/e2e/node_modules/.bin:/Users/nguyene/.nvm/versions/node/v6.10.0/bin:/Users/nguyene/Library/gradle-3.1/bin:~/.nvm:/Users/nguyene/Library/mitmproxy-1.0.2-osx:/Users/nguyene/Library/apache-ant-1.9.6/bin:/Users/nguyene/Library/apache-maven-3.3.9/bin:/Users/nguyene/local/bin:/Users/nguyene/Library/Android/sdk/platform-tools:/Users/nguyene/Library/Android/sdk/tools:/usr/bin:/bin:/usr/sbin:/sbin:/usr/local/bin:/usr/X11/bin:/usr/local/git/bin:/opt/local/bin
10 verbose lifecycle e2e@1.0.0~selenium-hub: CWD: /Users/nguyene/Study/e2e
11 silly lifecycle e2e@1.0.0~selenium-hub: Args: [ '-c',
11 silly lifecycle   'selenium-standalone install && selenium-standalone start — -role node -hub http://localhost:4444/grid/register -browser “browserName=chrome,maxInstances=5”' ]
12 silly lifecycle e2e@1.0.0~selenium-hub: Returned: code: 1  signal: null
13 info lifecycle e2e@1.0.0~selenium-hub: Failed to exec selenium-hub script
14 verbose stack Error: e2e@1.0.0 selenium-hub: `selenium-standalone install && selenium-standalone start — -role node -hub http://localhost:4444/grid/register -browser “browserName=chrome,maxInstances=5”`
14 verbose stack Exit status 1
14 verbose stack     at EventEmitter.<anonymous> (/Users/nguyene/.nvm/versions/node/v6.10.0/lib/node_modules/npm/lib/utils/lifecycle.js:255:16)
14 verbose stack     at emitTwo (events.js:106:13)
14 verbose stack     at EventEmitter.emit (events.js:191:7)
14 verbose stack     at ChildProcess.<anonymous> (/Users/nguyene/.nvm/versions/node/v6.10.0/lib/node_modules/npm/lib/utils/spawn.js:40:14)
14 verbose stack     at emitTwo (events.js:106:13)
14 verbose stack     at ChildProcess.emit (events.js:191:7)
14 verbose stack     at maybeClose (internal/child_process.js:877:16)
14 verbose stack     at Process.ChildProcess._handle.onexit (internal/child_process.js:226:5)
15 verbose pkgid e2e@1.0.0
16 verbose cwd /Users/nguyene/Study/e2e
17 error Darwin 16.1.0
18 error argv "/Users/nguyene/.nvm/versions/node/v6.10.0/bin/node" "/Users/nguyene/.nvm/versions/node/v6.10.0/bin/npm" "run" "selenium-hub"
19 error node v6.10.0
20 error npm  v3.10.10
21 error code ELIFECYCLE
22 error e2e@1.0.0 selenium-hub: `selenium-standalone install && selenium-standalone start — -role node -hub http://localhost:4444/grid/register -browser “browserName=chrome,maxInstances=5”`
22 error Exit status 1
23 error Failed at the e2e@1.0.0 selenium-hub script 'selenium-standalone install && selenium-standalone start — -role node -hub http://localhost:4444/grid/register -browser “browserName=chrome,maxInstances=5”'.
23 error Make sure you have the latest version of node.js and npm installed.
23 error If you do, this is most likely a problem with the e2e package,
23 error not with npm itself.
23 error Tell the author that this fails on your system:
23 error     selenium-standalone install && selenium-standalone start — -role node -hub http://localhost:4444/grid/register -browser “browserName=chrome,maxInstances=5”
23 error You can get information on how to open an issue for this project with:
23 error     npm bugs e2e
23 error Or if that isn't available, you can get their info via:
23 error     npm owner ls e2e
23 error There is likely additional logging output above.
24 verbose exit [ 1, true ]
